DEPRECATION WARNING: Use toplevel init.rb; rails/init.rb is deprecated: C:/Users/Dodzia/Nowy folder/project/vendor/plugins/paperclip/rails/init.rb. (called from <top (required)> at C:/Users/Dodzia/Nowy folder/project/config/environment.rb:5)
  [1m[36mSQL (1.0ms)[0m  [1m SELECT name
 FROM sqlite_master
 WHERE type = 'table' AND NOT name = 'sqlite_sequence'
[0m
  [1m[35mSQL (1.0ms)[0m  select sqlite_version(*)
  [1m[36mSQL (872.0ms)[0m  [1mCREATE TABLE "schema_migrations" ("version" varchar(255) NOT NULL) [0m
  [1m[35mSQL (0.0ms)[0m  PRAGMA index_list("schema_migrations")
  [1m[36mSQL (624.0ms)[0m  [1mCREATE UNIQUE INDEX "unique_schema_migrations" ON "schema_migrations" ("version")[0m
  [1m[35mSQL (1.0ms)[0m   SELECT name
 FROM sqlite_master
 WHERE type = 'table' AND NOT name = 'sqlite_sequence'
  [1m[36mSQL (1.0ms)[0m  [1m SELECT name
 FROM sqlite_master
 WHERE type = 'table' AND NOT name = 'sqlite_sequence'
[0m
  [1m[35mSQL (1.0ms)[0m  SELECT "schema_migrations"."version" FROM "schema_migrations"
Migrating to CreateFilms (20101217112529)
  [1m[36mSQL (3.0ms)[0m  [1mCREATE TABLE "films" ("id" INTEGER PRIMARY KEY AUTOINCREMENT NOT NULL, "tytul" varchar(255), "rezyseria" varchar(255), "scenariusz" varchar(255), "obsada" text, "data_premiery" varchar(255), "kraj_produkcji" varchar(255), "opis_filmu" text, "created_at" datetime, "updated_at" datetime) [0m
  [1m[35mSQL (1.0ms)[0m  INSERT INTO "schema_migrations" ("version") VALUES ('20101217112529')
Migrating to AddAttachmentPhotoToFilm (20110103165510)
  [1m[36mSQL (5.0ms)[0m  [1mALTER TABLE "films" ADD "photo_file_name" varchar(255)[0m
  [1m[35mSQL (0.0ms)[0m  ALTER TABLE "films" ADD "photo_content_type" varchar(255)
  [1m[36mSQL (3.0ms)[0m  [1mALTER TABLE "films" ADD "photo_file_size" integer[0m
  [1m[35mSQL (1.0ms)[0m  ALTER TABLE "films" ADD "photo_updated_at" datetime
  [1m[36mSQL (1.0ms)[0m  [1mINSERT INTO "schema_migrations" ("version") VALUES ('20110103165510')[0m
Migrating to ActsAsTaggableOnMigration (20110103174542)
  [1m[35mSQL (3.0ms)[0m  CREATE TABLE "tags" ("id" INTEGER PRIMARY KEY AUTOINCREMENT NOT NULL, "name" varchar(255)) 
  [1m[36mSQL (0.0ms)[0m  [1mCREATE TABLE "taggings" ("id" INTEGER PRIMARY KEY AUTOINCREMENT NOT NULL, "tag_id" integer, "taggable_id" integer, "taggable_type" varchar(255), "tagger_id" integer, "tagger_type" varchar(255), "context" varchar(255), "created_at" datetime) [0m
  [1m[35mSQL (0.0ms)[0m  PRAGMA index_list("taggings")
  [1m[36mSQL (0.0ms)[0m  [1mCREATE INDEX "index_taggings_on_tag_id" ON "taggings" ("tag_id")[0m
  [1m[35mSQL (1.0ms)[0m  PRAGMA index_list("taggings")
  [1m[36mSQL (0.0ms)[0m  [1mPRAGMA index_info('index_taggings_on_tag_id')[0m
  [1m[35mSQL (0.0ms)[0m  CREATE INDEX "index_taggings_on_taggable_id_and_taggable_type_and_context" ON "taggings" ("taggable_id", "taggable_type", "context")
  [1m[36mSQL (0.0ms)[0m  [1mINSERT INTO "schema_migrations" ("version") VALUES ('20110103174542')[0m
Migrating to CreateComments (20110103195421)
  [1m[35mSQL (4.0ms)[0m  CREATE TABLE "comments" ("id" INTEGER PRIMARY KEY AUTOINCREMENT NOT NULL, "film_id" integer, "author" varchar(255), "body" text, "data" date, "created_at" datetime, "updated_at" datetime) 
  [1m[36mSQL (0.0ms)[0m  [1mINSERT INTO "schema_migrations" ("version") VALUES ('20110103195421')[0m
Migrating to DeviseCreateUsers (20110103232626)
  [1m[35mSQL (3.0ms)[0m  CREATE TABLE "users" ("id" INTEGER PRIMARY KEY AUTOINCREMENT NOT NULL, "email" varchar(255) DEFAULT '' NOT NULL, "encrypted_password" varchar(128) DEFAULT '' NOT NULL, "password_salt" varchar(255) DEFAULT '' NOT NULL, "reset_password_token" varchar(255), "remember_token" varchar(255), "remember_created_at" datetime, "sign_in_count" integer DEFAULT 0, "current_sign_in_at" datetime, "last_sign_in_at" datetime, "current_sign_in_ip" varchar(255), "last_sign_in_ip" varchar(255), "created_at" datetime, "updated_at" datetime) 
  [1m[36mSQL (0.0ms)[0m  [1mPRAGMA index_list("users")[0m
  [1m[35mSQL (2.0ms)[0m  CREATE UNIQUE INDEX "index_users_on_email" ON "users" ("email")
  [1m[36mSQL (0.0ms)[0m  [1mPRAGMA index_list("users")[0m
  [1m[35mSQL (0.0ms)[0m  PRAGMA index_info('index_users_on_email')
  [1m[36mSQL (0.0ms)[0m  [1mCREATE UNIQUE INDEX "index_users_on_reset_password_token" ON "users" ("reset_password_token")[0m
  [1m[35mSQL (1.0ms)[0m  INSERT INTO "schema_migrations" ("version") VALUES ('20110103232626')
Migrating to AddRpxToUsers (20110105182902)
  [1m[36mSQL (4.0ms)[0m  [1mALTER TABLE "users" ADD "rpx_identifier" varchar(255)[0m
  [1m[35mSQL (1.0ms)[0m  INSERT INTO "schema_migrations" ("version") VALUES ('20110105182902')
Migrating to AddDataToFilms (20110106150744)
  [1m[36mSQL (4.0ms)[0m  [1mALTER TABLE "films" ADD "data" date[0m
  [1m[35mSQL (1.0ms)[0m  INSERT INTO "schema_migrations" ("version") VALUES ('20110106150744')
Migrating to RemoveDataFromComments (20110106190254)
  [1m[36mSQL (3.0ms)[0m  [1mCREATE TEMPORARY TABLE "altered_comments" ("id" INTEGER PRIMARY KEY AUTOINCREMENT NOT NULL, "film_id" integer, "author" varchar(255), "body" text, "data" date, "created_at" datetime, "updated_at" datetime) [0m
  [1m[35mSQL (0.0ms)[0m  PRAGMA index_list("comments")
  [1m[36mSQL (3.0ms)[0m  [1mDROP TABLE "comments"[0m
  [1m[35mSQL (1.0ms)[0m  CREATE TABLE "comments" ("id" INTEGER PRIMARY KEY AUTOINCREMENT NOT NULL, "film_id" integer, "author" varchar(255), "body" text, "created_at" datetime, "updated_at" datetime) 
  [1m[36mSQL (0.0ms)[0m  [1mPRAGMA index_list("altered_comments")[0m
  [1m[35mSQL (2.0ms)[0m  DROP TABLE "altered_comments"
  [1m[36mSQL (1.0ms)[0m  [1mINSERT INTO "schema_migrations" ("version") VALUES ('20110106190254')[0m
Migrating to AddTytulToFilms (20110106190339)
  [1m[35mSQL (4.0ms)[0m  ALTER TABLE "films" ADD "tytul_orginalny" varchar(255)
  [1m[36mSQL (0.0ms)[0m  [1mINSERT INTO "schema_migrations" ("version") VALUES ('20110106190339')[0m
Migrating to RemoveDFromFilms (20110107004333)
  [1m[35mSQL (1.0ms)[0m  CREATE TEMPORARY TABLE "altered_films" ("id" INTEGER PRIMARY KEY AUTOINCREMENT NOT NULL, "tytul" varchar(255), "rezyseria" varchar(255), "scenariusz" varchar(255), "obsada" text, "data_premiery" varchar(255), "kraj_produkcji" varchar(255), "opis_filmu" text, "created_at" datetime, "updated_at" datetime, "photo_file_name" varchar(255), "photo_content_type" varchar(255), "photo_file_size" integer, "photo_updated_at" datetime, "data" date, "tytul_orginalny" varchar(255)) 
  [1m[36mSQL (1.0ms)[0m  [1mPRAGMA index_list("films")[0m
  [1m[35mSQL (2.0ms)[0m  DROP TABLE "films"
  [1m[36mSQL (1.0ms)[0m  [1mCREATE TABLE "films" ("id" INTEGER PRIMARY KEY AUTOINCREMENT NOT NULL, "tytul" varchar(255), "rezyseria" varchar(255), "scenariusz" varchar(255), "obsada" text, "kraj_produkcji" varchar(255), "opis_filmu" text, "created_at" datetime, "updated_at" datetime, "photo_file_name" varchar(255), "photo_content_type" varchar(255), "photo_file_size" integer, "photo_updated_at" datetime, "data" date, "tytul_orginalny" varchar(255)) [0m
  [1m[35mSQL (0.0ms)[0m  PRAGMA index_list("altered_films")
  [1m[36mSQL (1.0ms)[0m  [1mDROP TABLE "altered_films"[0m
  [1m[35mSQL (0.0ms)[0m  INSERT INTO "schema_migrations" ("version") VALUES ('20110107004333')
Migrating to AddEmailToComments (20110108155736)
  [1m[36mSQL (3.0ms)[0m  [1mALTER TABLE "comments" ADD "email" varchar(255)[0m
  [1m[35mSQL (0.0ms)[0m  INSERT INTO "schema_migrations" ("version") VALUES ('20110108155736')
  [1m[36mSQL (0.0ms)[0m  [1m SELECT name
 FROM sqlite_master
 WHERE type = 'table' AND NOT name = 'sqlite_sequence'
[0m
  [1m[35mSQL (1.0ms)[0m  SELECT "schema_migrations"."version" FROM "schema_migrations"
  [1m[36mSQL (0.0ms)[0m  [1m SELECT name
 FROM sqlite_master
 WHERE type = 'table' AND NOT name = 'sqlite_sequence'
[0m
  [1m[35mSQL (0.0ms)[0m  PRAGMA index_list("comments")
  [1m[36mSQL (0.0ms)[0m  [1mPRAGMA index_list("films")[0m
  [1m[35mSQL (0.0ms)[0m  PRAGMA index_list("taggings")
  [1m[36mSQL (0.0ms)[0m  [1mPRAGMA index_info('index_taggings_on_taggable_id_and_taggable_type_and_context')[0m
  [1m[35mSQL (0.0ms)[0m  PRAGMA index_info('index_taggings_on_tag_id')
  [1m[36mSQL (0.0ms)[0m  [1mPRAGMA index_list("tags")[0m
  [1m[35mSQL (0.0ms)[0m  PRAGMA index_list("users")
  [1m[36mSQL (0.0ms)[0m  [1mPRAGMA index_info('index_users_on_reset_password_token')[0m
  [1m[35mSQL (0.0ms)[0m  PRAGMA index_info('index_users_on_email')
DEPRECATION WARNING: Use toplevel init.rb; rails/init.rb is deprecated: C:/Users/Dodzia/Nowy folder/project/vendor/plugins/paperclip/rails/init.rb. (called from <top (required)> at C:/Users/Dodzia/Nowy folder/project/config/environment.rb:5)


Started GET "/films" for 127.0.0.1 at 2011-01-08 22:48:47 +0100
  Processing by FilmsController#index as HTML
  [1m[36mSQL (2.0ms)[0m  [1m SELECT name
 FROM sqlite_master
 WHERE type = 'table' AND NOT name = 'sqlite_sequence'
[0m
  [1m[35mActsAsTaggableOn::Tag Load (1.0ms)[0m  SELECT tags.*, COUNT(*) AS count FROM "tags" LEFT OUTER JOIN taggings ON tags.id = taggings.tag_id AND taggings.context = 'tags' INNER JOIN films ON films.id = taggings.taggable_id WHERE (taggings.taggable_type = 'Film') AND (taggings.taggable_id IN(SELECT films.id FROM "films")) GROUP BY tags.id, tags.name HAVING COUNT(*) > 0
  [1m[36mSQL (1.0ms)[0m  [1m SELECT name
 FROM sqlite_master
 WHERE type = 'table' AND NOT name = 'sqlite_sequence'
[0m
  [1m[35mUser Load (1.0ms)[0m  SELECT "users".* FROM "users" WHERE ("users"."id" = 1) LIMIT 1
  [1m[36mFilm Load (1.0ms)[0m  [1mSELECT "films".* FROM "films" WHERE ((tytul || rezyseria) like '%%') ORDER BY created_at desc[0m
Rendered films/index.html.erb within layouts/application (96.0ms)
Completed 200 OK in 804ms (Views: 164.0ms | ActiveRecord: 6.0ms)


Started POST "/users/sign_in?authenticity_token=LcoKsL1FJoyNEQShF5jDXjQeX91RhBQLwmFnd16jjGw%3d" for 127.0.0.1 at 2011-01-08 22:49:10 +0100
  Processing by Devise::SessionsController#create as HTML
  Parameters: {"token"=>"9d983912c88bdba7b6353f29fa116ba8185d75bf", "authenticity_token"=>"LcoKsL1FJoyNEQShF5jDXjQeX91RhBQLwmFnd16jjGw="}
  [1m[35mUser Load (1.0ms)[0m  SELECT "users".* FROM "users" WHERE ("users"."rpx_identifier" = 'https://www.google.com/profiles/111173513607491336999') LIMIT 1
  [1m[36mAREL (2.0ms)[0m  [1mINSERT INTO "users" ("email", "encrypted_password", "password_salt", "reset_password_token", "remember_token", "remember_created_at", "sign_in_count", "current_sign_in_at", "last_sign_in_at", "current_sign_in_ip", "last_sign_in_ip", "created_at", "updated_at", "rpx_identifier") VALUES ('dodziapio@gmail.com', '', '', NULL, NULL, NULL, 0, NULL, NULL, NULL, NULL, '2011-01-08 21:49:11.339056', '2011-01-08 21:49:11.339056', 'https://www.google.com/profiles/111173513607491336999')[0m
  [1m[35mAREL (2.0ms)[0m  UPDATE "users" SET "last_sign_in_at" = '2011-01-08 21:49:12.057097', "current_sign_in_at" = '2011-01-08 21:49:12.057097', "last_sign_in_ip" = '127.0.0.1', "current_sign_in_ip" = '127.0.0.1', "sign_in_count" = 1, "updated_at" = '2011-01-08 21:49:12.058097' WHERE ("users"."id" = 1)
Redirected to http://localhost:3000/
Completed 302 Found in 2317ms


Started GET "/" for 127.0.0.1 at 2011-01-08 22:49:12 +0100
  Processing by FilmsController#index as HTML
  [1m[36mSQL (3.0ms)[0m  [1m SELECT name
 FROM sqlite_master
 WHERE type = 'table' AND NOT name = 'sqlite_sequence'
[0m
  [1m[35mActsAsTaggableOn::Tag Load (0.0ms)[0m  SELECT tags.*, COUNT(*) AS count FROM "tags" LEFT OUTER JOIN taggings ON tags.id = taggings.tag_id AND taggings.context = 'tags' INNER JOIN films ON films.id = taggings.taggable_id WHERE (taggings.taggable_type = 'Film') AND (taggings.taggable_id IN(SELECT films.id FROM "films")) GROUP BY tags.id, tags.name HAVING COUNT(*) > 0
  [1m[36mUser Load (2.0ms)[0m  [1mSELECT "users".* FROM "users" WHERE ("users"."id" = 1) LIMIT 1[0m
  [1m[35mFilm Load (1.0ms)[0m  SELECT "films".* FROM "films" WHERE ((tytul || rezyseria) like '%%') ORDER BY created_at desc
Rendered films/index.html.erb within layouts/application (120.0ms)
Completed 200 OK in 276ms (Views: 170.0ms | ActiveRecord: 11.0ms)


Started GET "/films/new" for 127.0.0.1 at 2011-01-08 22:49:17 +0100
  Processing by FilmsController#new as HTML
  [1m[36mUser Load (2.0ms)[0m  [1mSELECT "users".* FROM "users" WHERE ("users"."id" = 1) LIMIT 1[0m
  [1m[35mSQL (0.0ms)[0m   SELECT name
 FROM sqlite_master
 WHERE type = 'table' AND NOT name = 'sqlite_sequence'
  [1m[36mActsAsTaggableOn::Tag Load (0.0ms)[0m  [1mSELECT "tags".* FROM "tags" INNER JOIN "taggings" ON "tags".id = "taggings".tag_id WHERE (("taggings".taggable_id = NULL) AND ("taggings".taggable_type = 'Film')) AND (taggings.context = 'tags' AND taggings.tagger_id IS NULL)[0m
Rendered films/_form.html.erb (108.0ms)
Rendered films/new.html.erb within layouts/application (224.0ms)
Completed 200 OK in 454ms (Views: 295.0ms | ActiveRecord: 2.0ms)


Started POST "/films" for 127.0.0.1 at 2011-01-08 22:50:15 +0100
  Processing by FilmsController#create as HTML
  Parameters: {"utf8"=>"✓", "authenticity_token"=>"LcoKsL1FJoyNEQShF5jDXjQeX91RhBQLwmFnd16jjGw=", "film"=>{"tytul"=>"Incepcja", "tytul_orginalny"=>"Inception", "rezyseria"=>"Christopher Nolan", "scenariusz"=>"Christopher Nolan", "obsada"=>"dicaprio", "data"=>"2011-01-12", "kraj_produkcji"=>"usa", "opis_filmu"=>"", "tag_list"=>"Film sensacyjny", "photo"=>#<ActionDispatch::Http::UploadedFile:0x3ee0a10 @original_filename="7327608.2.jpg", @content_type="image/jpeg", @headers="Content-Disposition: form-data; name=\"film[photo]\"; filename=\"7327608.2.jpg\"\r\nContent-Type: image/jpeg\r\n", @tempfile=#<File:C:/Users/Dodzia/AppData/Local/Temp/RackMultipart20110108-3860-o6incl>>}, "commit"=>"Utwórz "}
  [1m[35mUser Load (3.0ms)[0m  SELECT "users".* FROM "users" WHERE ("users"."id" = 1) LIMIT 1
  [1m[36mSQL (1.0ms)[0m  [1m SELECT name
 FROM sqlite_master
 WHERE type = 'table' AND NOT name = 'sqlite_sequence'
[0m
[paperclip] identify -format %wx%h "C:/Users/Dodzia/AppData/Local/Temp/stream20110108-3860-uocjc1.jpg[0]" 2>NUL
[paperclip] convert "C:/Users/Dodzia/AppData/Local/Temp/stream20110108-3860-uocjc1.jpg[0]" -resize "100x100>" "C:/Users/Dodzia/AppData/Local/Temp/stream20110108-3860-uocjc120110108-3860-65kjg5" 2>NUL
  [1m[35mAREL (3.0ms)[0m  INSERT INTO "films" ("tytul", "rezyseria", "scenariusz", "obsada", "kraj_produkcji", "opis_filmu", "created_at", "updated_at", "photo_file_name", "photo_content_type", "photo_file_size", "photo_updated_at", "data", "tytul_orginalny") VALUES ('Incepcja', 'Christopher Nolan', 'Christopher Nolan', 'dicaprio', 'usa', '', '2011-01-08 21:50:16.815801', '2011-01-08 21:50:16.815801', '7327608.2.jpg', 'image/jpeg', 15242, '2011-01-08 21:50:15.975753', '2011-01-12', 'Inception')
  [1m[36mActsAsTaggableOn::Tag Load (0.0ms)[0m  [1mSELECT "tags".* FROM "tags" WHERE (name LIKE 'Film' OR name LIKE 'sensacyjny')[0m
  [1m[35mActsAsTaggableOn::Tag Load (0.0ms)[0m  SELECT "tags"."id" FROM "tags" WHERE ("tags"."name" = 'Film') LIMIT 1
  [1m[36mAREL (0.0ms)[0m  [1mINSERT INTO "tags" ("name") VALUES ('Film')[0m
  [1m[35mActsAsTaggableOn::Tag Load (0.0ms)[0m  SELECT "tags"."id" FROM "tags" WHERE ("tags"."name" = 'sensacyjny') LIMIT 1
  [1m[36mAREL (0.0ms)[0m  [1mINSERT INTO "tags" ("name") VALUES ('sensacyjny')[0m
  [1m[35mActsAsTaggableOn::Tag Load (0.0ms)[0m  SELECT "tags".* FROM "tags" INNER JOIN "taggings" ON "tags".id = "taggings".tag_id WHERE (("taggings".taggable_id = 1) AND ("taggings".taggable_type = 'Film')) AND (taggings.context = 'tags' AND taggings.tagger_id IS NULL)
  [1m[36mActsAsTaggableOn::Tagging Load (0.0ms)[0m  [1mSELECT "taggings".* FROM "taggings" WHERE ("taggings".taggable_id = 1 AND "taggings".taggable_type = 'Film') AND ("taggings"."tagger_type" IS NULL) AND ("taggings"."tagger_id" IS NULL) AND ("taggings"."context" = 'tags') AND ("taggings"."tag_id" IN (NULL))[0m
  [1m[35mActsAsTaggableOn::Tagging Load (0.0ms)[0m  SELECT "taggings"."id" FROM "taggings" WHERE ("taggings"."tag_id" = 1) AND ("taggings"."taggable_type" = 'Film') AND ("taggings"."taggable_id" = 1) AND ("taggings"."context" = 'tags') AND ("taggings"."tagger_id" IS NULL) AND ("taggings"."tagger_type" IS NULL) LIMIT 1
  [1m[36mAREL (1.0ms)[0m  [1mINSERT INTO "taggings" ("tag_id", "taggable_id", "taggable_type", "tagger_id", "tagger_type", "context", "created_at") VALUES (1, 1, 'Film', NULL, NULL, 'tags', '2011-01-08 21:50:17.027813')[0m
  [1m[35mActsAsTaggableOn::Tagging Load (0.0ms)[0m  SELECT "taggings"."id" FROM "taggings" WHERE ("taggings"."tag_id" = 2) AND ("taggings"."taggable_type" = 'Film') AND ("taggings"."taggable_id" = 1) AND ("taggings"."context" = 'tags') AND ("taggings"."tagger_id" IS NULL) AND ("taggings"."tagger_type" IS NULL) LIMIT 1
  [1m[36mAREL (0.0ms)[0m  [1mINSERT INTO "taggings" ("tag_id", "taggable_id", "taggable_type", "tagger_id", "tagger_type", "context", "created_at") VALUES (2, 1, 'Film', NULL, NULL, 'tags', '2011-01-08 21:50:17.041814')[0m
[paperclip] Saving attachments.
[paperclip] saving C:/Users/Dodzia/Nowy folder/project/public/assets/films/1/original/7327608.2.jpg
[paperclip] saving C:/Users/Dodzia/Nowy folder/project/public/assets/films/1/small/7327608.2.jpg
Redirected to http://localhost:3000/films/1
Completed 302 Found in 3104ms


Started GET "/films/1" for 127.0.0.1 at 2011-01-08 22:50:18 +0100
  Processing by FilmsController#show as HTML
  Parameters: {"id"=>"1"}
  [1m[35mSQL (1.0ms)[0m   SELECT name
 FROM sqlite_master
 WHERE type = 'table' AND NOT name = 'sqlite_sequence'
  [1m[36mFilm Load (1.0ms)[0m  [1mSELECT "films".* FROM "films" WHERE ("films"."id" = 1) LIMIT 1[0m
  [1m[35mUser Load (2.0ms)[0m  SELECT "users".* FROM "users" WHERE ("users"."id" = 1) LIMIT 1
  [1m[36mActsAsTaggableOn::Tag Load (0.0ms)[0m  [1mSELECT "tags".* FROM "tags" INNER JOIN "taggings" ON "tags".id = "taggings".tag_id WHERE (("taggings".taggable_id = 1) AND ("taggings".taggable_type = 'Film')) AND (taggings.context = 'tags' AND taggings.tagger_id IS NULL)[0m
  [1m[35mSQL (0.0ms)[0m  SELECT COUNT(*) FROM "comments" WHERE ("comments".film_id = 1)
Rendered films/show.html.erb within layouts/application (218.0ms)
Completed 200 OK in 384ms (Views: 302.0ms | ActiveRecord: 4.0ms)


Started GET "/films" for 127.0.0.1 at 2011-01-08 22:50:27 +0100
  Processing by FilmsController#index as HTML
  [1m[36mSQL (2.0ms)[0m  [1m SELECT name
 FROM sqlite_master
 WHERE type = 'table' AND NOT name = 'sqlite_sequence'
[0m
  [1m[35mActsAsTaggableOn::Tag Load (1.0ms)[0m  SELECT tags.*, COUNT(*) AS count FROM "tags" LEFT OUTER JOIN taggings ON tags.id = taggings.tag_id AND taggings.context = 'tags' INNER JOIN films ON films.id = taggings.taggable_id WHERE (taggings.taggable_type = 'Film') AND (taggings.taggable_id IN(SELECT films.id FROM "films")) GROUP BY tags.id, tags.name HAVING COUNT(*) > 0
  [1m[36mUser Load (2.0ms)[0m  [1mSELECT "users".* FROM "users" WHERE ("users"."id" = 1) LIMIT 1[0m
  [1m[35mFilm Load (1.0ms)[0m  SELECT "films".* FROM "films" WHERE ((tytul || rezyseria) like '%%') ORDER BY created_at desc
Rendered films/index.html.erb within layouts/application (107.0ms)
Completed 200 OK in 284ms (Views: 158.0ms | ActiveRecord: 6.0ms)


Started GET "/films/1" for 127.0.0.1 at 2011-01-08 22:50:31 +0100
  Processing by FilmsController#show as HTML
  Parameters: {"id"=>"1"}
  [1m[36mSQL (2.0ms)[0m  [1m SELECT name
 FROM sqlite_master
 WHERE type = 'table' AND NOT name = 'sqlite_sequence'
[0m
  [1m[35mFilm Load (1.0ms)[0m  SELECT "films".* FROM "films" WHERE ("films"."id" = 1) LIMIT 1
  [1m[36mUser Load (2.0ms)[0m  [1mSELECT "users".* FROM "users" WHERE ("users"."id" = 1) LIMIT 1[0m
  [1m[35mActsAsTaggableOn::Tag Load (1.0ms)[0m  SELECT "tags".* FROM "tags" INNER JOIN "taggings" ON "tags".id = "taggings".tag_id WHERE (("taggings".taggable_id = 1) AND ("taggings".taggable_type = 'Film')) AND (taggings.context = 'tags' AND taggings.tagger_id IS NULL)
  [1m[36mSQL (0.0ms)[0m  [1mSELECT COUNT(*) FROM "comments" WHERE ("comments".film_id = 1)[0m
Rendered films/show.html.erb within layouts/application (276.0ms)
Completed 200 OK in 531ms (Views: 330.0ms | ActiveRecord: 6.0ms)


Started POST "/films/1/comments" for 127.0.0.1 at 2011-01-08 22:50:37 +0100
  Processing by CommentsController#create as HTML
  Parameters: {"utf8"=>"✓", "authenticity_token"=>"LcoKsL1FJoyNEQShF5jDXjQeX91RhBQLwmFnd16jjGw=", "comment"=>{"email"=>"dodziapio@gmail.com", "body"=>"bla"}, "commit"=>"Utwórz ", "film_id"=>"1"}
  [1m[35mUser Load (1.0ms)[0m  SELECT "users".* FROM "users" WHERE ("users"."id" = 1) LIMIT 1
  [1m[36mSQL (0.0ms)[0m  [1m SELECT name
 FROM sqlite_master
 WHERE type = 'table' AND NOT name = 'sqlite_sequence'
[0m
  [1m[35mFilm Load (1.0ms)[0m  SELECT "films".* FROM "films" WHERE ("films"."id" = 1) LIMIT 1
  [1m[36mAREL (3.0ms)[0m  [1mINSERT INTO "comments" ("film_id", "author", "body", "created_at", "updated_at", "email") VALUES (1, NULL, 'bla', '2011-01-08 21:50:38.420037', '2011-01-08 21:50:38.420037', 'dodziapio@gmail.com')[0m
Redirected to http://localhost:3000/films/1
Completed 302 Found in 1299ms


Started GET "/films/1" for 127.0.0.1 at 2011-01-08 22:50:39 +0100
  Processing by FilmsController#show as HTML
  Parameters: {"id"=>"1"}
  [1m[35mSQL (1.0ms)[0m   SELECT name
 FROM sqlite_master
 WHERE type = 'table' AND NOT name = 'sqlite_sequence'
  [1m[36mFilm Load (1.0ms)[0m  [1mSELECT "films".* FROM "films" WHERE ("films"."id" = 1) LIMIT 1[0m
  [1m[35mUser Load (2.0ms)[0m  SELECT "users".* FROM "users" WHERE ("users"."id" = 1) LIMIT 1
  [1m[36mActsAsTaggableOn::Tag Load (1.0ms)[0m  [1mSELECT "tags".* FROM "tags" INNER JOIN "taggings" ON "tags".id = "taggings".tag_id WHERE (("taggings".taggable_id = 1) AND ("taggings".taggable_type = 'Film')) AND (taggings.context = 'tags' AND taggings.tagger_id IS NULL)[0m
  [1m[35mSQL (1.0ms)[0m  SELECT COUNT(*) FROM "comments" WHERE ("comments".film_id = 1)
  [1m[36mComment Load (1.0ms)[0m  [1mSELECT "comments".* FROM "comments" WHERE ("comments".film_id = 1)[0m
Rendered films/show.html.erb within layouts/application (218.0ms)
Completed 200 OK in 393ms (Views: 265.0ms | ActiveRecord: 7.0ms)
DEPRECATION WARNING: Use toplevel init.rb; rails/init.rb is deprecated: C:/Users/Dodzia/Nowy folder/project/vendor/plugins/paperclip/rails/init.rb. (called from <top (required)> at C:/Users/Dodzia/Nowy folder/project/config/environment.rb:5)


Started GET "/films" for 127.0.0.1 at 2011-01-09 23:32:23 +0100
  Processing by FilmsController#index as HTML
  [1m[36mSQL (2.0ms)[0m  [1m SELECT name
 FROM sqlite_master
 WHERE type = 'table' AND NOT name = 'sqlite_sequence'
[0m
  [1m[35mFilm Load (0.0ms)[0m  SELECT "films".* FROM "films" LIMIT 5 OFFSET 0
  [1m[36mActsAsTaggableOn::Tag Load (0.0ms)[0m  [1mSELECT tags.*, COUNT(*) AS count FROM "tags" LEFT OUTER JOIN taggings ON tags.id = taggings.tag_id AND taggings.context = 'tags' INNER JOIN films ON films.id = taggings.taggable_id WHERE (taggings.taggable_type = 'Film') AND (taggings.taggable_id IN(SELECT films.id FROM "films")) GROUP BY tags.id, tags.name HAVING COUNT(*) > 0[0m
  [1m[35mSQL (1.0ms)[0m   SELECT name
 FROM sqlite_master
 WHERE type = 'table' AND NOT name = 'sqlite_sequence'
  [1m[36mUser Load (3.0ms)[0m  [1mSELECT "users".* FROM "users" WHERE ("users"."id" = 1) LIMIT 1[0m
Rendered films/index.html.erb within layouts/application (194.0ms)
Completed 200 OK in 445ms (Views: 246.0ms | ActiveRecord: 6.0ms)


Started GET "/films/1" for 127.0.0.1 at 2011-01-09 23:32:37 +0100
  Processing by FilmsController#show as HTML
  Parameters: {"id"=>"1"}
  [1m[35mSQL (2.0ms)[0m   SELECT name
 FROM sqlite_master
 WHERE type = 'table' AND NOT name = 'sqlite_sequence'
  [1m[36mFilm Load (1.0ms)[0m  [1mSELECT "films".* FROM "films" WHERE ("films"."id" = 1) LIMIT 1[0m
  [1m[35mUser Load (2.0ms)[0m  SELECT "users".* FROM "users" WHERE ("users"."id" = 1) LIMIT 1
  [1m[36mSQL (1.0ms)[0m  [1mSELECT COUNT(*) FROM "comments" WHERE ("comments".film_id = 1)[0m
  [1m[35mComment Load (1.0ms)[0m  SELECT "comments".* FROM "comments" WHERE ("comments".film_id = 1)
  [1m[36mActsAsTaggableOn::Tag Load (2.0ms)[0m  [1mSELECT "tags".* FROM "tags" INNER JOIN "taggings" ON "tags".id = "taggings".tag_id WHERE (("taggings".taggable_id = 1) AND ("taggings".taggable_type = 'Film')) AND (taggings.context = 'tags' AND taggings.tagger_id IS NULL)[0m
Rendered films/show.html.erb within layouts/application (737.0ms)
Completed 200 OK in 1029ms (Views: 818.0ms | ActiveRecord: 9.0ms)


Started POST "/films/1/comments" for 127.0.0.1 at 2011-01-09 23:32:50 +0100
  Processing by CommentsController#create as HTML
  Parameters: {"utf8"=>"✓", "authenticity_token"=>"RuYw5HIPriOOkmutSBtE9ykszMc2qD/cfEopOsKZQn0=", "comment"=>{"email"=>"dodziapio@gmail.com", "body"=>"gugu"}, "commit"=>"Utwórz ", "film_id"=>"1"}
  [1m[35mUser Load (2.0ms)[0m  SELECT "users".* FROM "users" WHERE ("users"."id" = 1) LIMIT 1
  [1m[36mSQL (0.0ms)[0m  [1m SELECT name
 FROM sqlite_master
 WHERE type = 'table' AND NOT name = 'sqlite_sequence'
[0m
  [1m[35mFilm Load (1.0ms)[0m  SELECT "films".* FROM "films" WHERE ("films"."id" = 1) LIMIT 1
  [1m[36mAREL (195.0ms)[0m  [1mINSERT INTO "comments" ("film_id", "author", "body", "created_at", "updated_at", "email") VALUES (1, NULL, 'gugu', '2011-01-09 22:32:50.660659', '2011-01-09 22:32:50.660659', 'dodziapio@gmail.com')[0m
Redirected to http://localhost:3000/films/1
Completed 302 Found in 1441ms


Started GET "/films/1" for 127.0.0.1 at 2011-01-09 23:32:51 +0100
  Processing by FilmsController#show as HTML
  Parameters: {"id"=>"1"}
  [1m[35mSQL (2.0ms)[0m   SELECT name
 FROM sqlite_master
 WHERE type = 'table' AND NOT name = 'sqlite_sequence'
  [1m[36mFilm Load (1.0ms)[0m  [1mSELECT "films".* FROM "films" WHERE ("films"."id" = 1) LIMIT 1[0m
  [1m[35mUser Load (1.0ms)[0m  SELECT "users".* FROM "users" WHERE ("users"."id" = 1) LIMIT 1
  [1m[36mSQL (0.0ms)[0m  [1mSELECT COUNT(*) FROM "comments" WHERE ("comments".film_id = 1)[0m
  [1m[35mComment Load (2.0ms)[0m  SELECT "comments".* FROM "comments" WHERE ("comments".film_id = 1)
  [1m[36mActsAsTaggableOn::Tag Load (1.0ms)[0m  [1mSELECT "tags".* FROM "tags" INNER JOIN "taggings" ON "tags".id = "taggings".tag_id WHERE (("taggings".taggable_id = 1) AND ("taggings".taggable_type = 'Film')) AND (taggings.context = 'tags' AND taggings.tagger_id IS NULL)[0m
Rendered films/show.html.erb within layouts/application (243.0ms)
Completed 200 OK in 388ms (Views: 295.0ms | ActiveRecord: 7.0ms)


Started GET "/films/1/edit" for 127.0.0.1 at 2011-01-09 23:32:56 +0100
  Processing by FilmsController#edit as HTML
  Parameters: {"id"=>"1"}
  [1m[35mUser Load (2.0ms)[0m  SELECT "users".* FROM "users" WHERE ("users"."id" = 1) LIMIT 1
  [1m[36mSQL (1.0ms)[0m  [1m SELECT name
 FROM sqlite_master
 WHERE type = 'table' AND NOT name = 'sqlite_sequence'
[0m
  [1m[35mFilm Load (1.0ms)[0m  SELECT "films".* FROM "films" WHERE ("films"."id" = 1) LIMIT 1
  [1m[36mActsAsTaggableOn::Tag Load (1.0ms)[0m  [1mSELECT "tags".* FROM "tags" INNER JOIN "taggings" ON "tags".id = "taggings".tag_id WHERE (("taggings".taggable_id = 1) AND ("taggings".taggable_type = 'Film')) AND (taggings.context = 'tags' AND taggings.tagger_id IS NULL)[0m
Rendered films/_form.html.erb (63.0ms)
Rendered films/edit.html.erb within layouts/application (95.0ms)
Completed 200 OK in 431ms (Views: 162.0ms | ActiveRecord: 5.0ms)
